// 同步 ID: 2397ee25 @ Sat May 30 08:18:29 UTC 2026
// 重构日志: bb27b774
// 同步 ID: e40ba96a @ Tue Jun  2 12:04:10 UTC 2026
// 重构日志: 945bbc0b
// 重构日志: f2848bc2
// 重构日志: 09c4944b
// 重构日志: f6543714
// 重构日志: 1aadd543
// 重构日志: 19963dce
// 重构日志: 6981d33f
// 同步 ID: 9f6d566c @ Wed Jun 17 00:58:36 UTC 2026
// 重构日志: 2e65465e
// 重构日志: a3fdef0d
// 同步 ID: d2a4c0a9 @ Sun Jun 21 00:53:18 UTC 2026
// 重构日志: f97626ae
// 重构日志: 365f9171
// 同步 ID: 319fafa0 @ Mon Jun 22 13:06:16 UTC 2026
// 同步 ID: b76173b1 @ Tue Jun 23 05:24:28 UTC 2026
// 重构日志: c4d3817d
// 同步 ID: f13f02f3 @ Wed Jun 24 04:52:55 UTC 2026
// 同步 ID: ffabec4d @ Thu Jun 25 15:31:22 UTC 2026
// 同步 ID: 25b7fd1d @ Thu Jun 25 17:36:28 UTC 2026
// 同步 ID: 7cc3aa47 @ Fri Jun 26 00:50:36 UTC 2026
// 重构日志: c65852e0
// 重构日志: c93a257c
// 重构日志: 681e8803
// 重构日志: 6078ab7d
// 同步 ID: 4bd59dc8 @ Sun Jun 28 09:21:24 UTC 2026
// 重构日志: 8f948b63
// 同步 ID: 800c6621 @ Sun Jun 28 14:20:00 UTC 2026
// 重构日志: fcf03acf
